<?xml version="1.0" encoding="UTF-8"?>
<!-- Generated by org.testng.reporters.JUnitReportReporter -->
<testsuite hostname="VASUDEV" failures="0" tests="1" name="testcase.TC01_AccounRegister" time="7.364" errors="0" timestamp="2025-07-02T19:27:41 IST" skipped="0">
  <testcase classname="testcase.TC01_AccounRegister" name="homePage" time="7.364"/>
</testsuite> <!-- testcase.TC01_AccounRegister -->
